2024-02-07 18:42:30,256 - root - INFO - Started parsing.
2024-02-07 18:42:30,256 - root - INFO - The path where the files will be saved is /mnt/c/Users/itaib/repos/7396_Virus_Detection_Acceleration_Project/Data.
2024-02-07 18:42:30,324 - root - INFO - the following pcre signature with special R signature in line 1155 was discarded: /(&|#|\+|!)/R
2024-02-07 18:42:30,333 - root - INFO - the following pcre signature with special R signature in line 1484 was discarded: /^.{27}/Rs
2024-02-07 18:42:30,347 - root - INFO - the following pcre signature with special R signature in line 1723 was discarded: /^.{27}/R
2024-02-07 18:42:30,348 - root - INFO - the following pcre signature with special R signature in line 1739 was discarded: /^(\x75|\x2d|\x2f|\x73|\xa2|\x2e|\x24|\x74)/Rs
2024-02-07 18:42:30,362 - root - INFO - the following pcre signature with special R signature in line 1927 was discarded: /^.{0,100}\xFF[\xE1\xE2\xED\xFE]\x00[\x00\x01]/Rs
2024-02-07 18:42:30,378 - root - INFO - the following pcre signature with special R signature in line 2149 was discarded: /^(\x75|\x2d|\x2f|\xa2|\x2e|\x24|\x74)/Rs
2024-02-07 18:42:30,380 - root - INFO - the following pcre signature with special R signature in line 2166 was discarded: /^.{4}/R
2024-02-07 18:42:30,389 - root - INFO - the following pcre signature with special R signature in line 2279 was discarded: /T.*?T.*?Y.*?P.*?R.*?O.*?M.*?P.*?T/Ri
2024-02-07 18:42:30,401 - root - INFO - the following pcre signature with special R signature in line 2472 was discarded: /^[^>]*\x2f\x2f\d{1,3}\x2e\d{1,3}\x2e\d{1,3}\x2e\d{1,3}/Rs
2024-02-07 18:42:30,410 - root - INFO - the following pcre signature with special R signature in line 2556 was discarded: /[^\x0d\x0a\x09\x20-\x7e]{4}/R
2024-02-07 18:42:30,864 - root - INFO - Saved the exact-matches as .json files under the path /mnt/c/Users/itaib/repos/7396_Virus_Detection_Acceleration_Project/Data
2024-02-07 18:42:30,878 - root - INFO - Finished parsing the file.
2024-02-07 18:42:30,878 - root - INFO - The script's execution took 0.622 seconds.
2024-02-07 18:42:30,879 - root - INFO - General information after the script's execution:
2024-02-07 18:42:30,879 - root - INFO - There are 4645 content signatures and 716 pcre signatures the file.
2024-02-07 18:42:30,880 - root - INFO - There are 10 special R signatures in the file.
2024-02-07 18:42:30,880 - root - INFO - There were 371 special case pcre signatures that were removed.
2024-02-07 18:42:30,881 - root - INFO - There were 2406 special case content signatures that were removed.
2024-02-07 18:42:30,881 - root - INFO - The total number of exactmatches is 8681.
2024-02-07 18:42:30,882 - root - INFO - 2827 were removed after thresholding t = 2.
2024-02-07 18:42:30,882 - root - INFO - 67.43% of the exactmatches remained after thresholding t = 2.
2024-02-07 18:42:30,883 - root - INFO - 95.47% of the signatures remained after thresholding.
2024-02-07 18:42:30,883 - root - INFO - 91.48% pcre signatures remained remained after thresholding.
2024-02-07 18:42:30,884 - root - INFO - 96.08% content signatures remained after thresholding.
