2023-10-30 20:59:54,797 - root - INFO - Started parsing.
2023-10-30 20:59:54,825 - root - INFO - the following pcre pattern with special R rule in line 1155 was discarded: /(&|#|\+|!)/R
2023-10-30 20:59:54,836 - root - INFO - the following pcre pattern with special R rule in line 1484 was discarded: /^.{27}/Rs
2023-10-30 20:59:54,846 - root - INFO - the following pcre pattern with special R rule in line 1723 was discarded: /^.{27}/R
2023-10-30 20:59:54,848 - root - INFO - the following pcre pattern with special R rule in line 1739 was discarded: /^(\x75|\x2d|\x2f|\x73|\xa2|\x2e|\x24|\x74)/Rs
2023-10-30 20:59:54,863 - root - INFO - the following pcre pattern with special R rule in line 1927 was discarded: /^.{0,100}\xFF[\xE1\xE2\xED\xFE]\x00[\x00\x01]/Rs
2023-10-30 20:59:54,881 - root - INFO - the following pcre pattern with special R rule in line 2149 was discarded: /^(\x75|\x2d|\x2f|\xa2|\x2e|\x24|\x74)/Rs
2023-10-30 20:59:54,884 - root - INFO - the following pcre pattern with special R rule in line 2166 was discarded: /^.{4}/R
2023-10-30 20:59:54,893 - root - INFO - the following pcre pattern with special R rule in line 2279 was discarded: /T.*?T.*?Y.*?P.*?R.*?O.*?M.*?P.*?T/Ri
2023-10-30 20:59:54,909 - root - INFO - the following pcre pattern with special R rule in line 2472 was discarded: /^[^>]*\x2f\x2f\d{1,3}\x2e\d{1,3}\x2e\d{1,3}\x2e\d{1,3}/Rs
2023-10-30 20:59:54,920 - root - INFO - the following pcre pattern with special R rule in line 2556 was discarded: /[^\x0d\x0a\x09\x20-\x7e]{4}/R
2023-10-30 20:59:55,175 - root - INFO - Saved the exact-matches as .json file under the path C:\Users\itaib\OneDrive - Technion\4-B\044167 - Project A\Part A - Data Process\exact_matches.json.
2023-10-30 20:59:55,175 - root - INFO - Finished parsing the file.
2023-10-30 20:59:55,175 - root - INFO - The script's execution took 0.377 seconds.
2023-10-30 20:59:55,175 - root - INFO - There are 4645 content rules and 716 pcre rules in the file.
2023-10-30 20:59:55,176 - root - INFO - There are 10 special R rules in the file.
2023-10-30 20:59:55,176 - root - INFO - General information after the script's execution:
2023-10-30 20:59:55,176 - root - INFO - 67.43% of the substrings remained after thresholding t = 2.
2023-10-30 20:59:55,176 - root - INFO - 95.47% of the rules remained after thresholding.
2023-10-30 20:59:55,177 - root - INFO - 91.48% pcre rules remained remained after thresholding.
2023-10-30 20:59:55,177 - root - INFO - 96.08% content rules remained after thresholding.
2023-10-30 20:59:55,177 - root - INFO - Length histogram of the substrings:
2023-10-30 20:59:55,177 - root - INFO - There are 2185 string with Length 1.
2023-10-30 20:59:55,177 - root - INFO - There are 642 string with Length 2.
2023-10-30 20:59:55,178 - root - INFO - There are 406 string with Length 3.
2023-10-30 20:59:55,178 - root - INFO - There are 655 string with Length 4.
2023-10-30 20:59:55,178 - root - INFO - There are 483 string with Length 5.
2023-10-30 20:59:55,178 - root - INFO - There are 381 string with Length 6.
2023-10-30 20:59:55,178 - root - INFO - There are 256 string with Length 7.
2023-10-30 20:59:55,180 - root - INFO - There are 334 string with Length 8.
2023-10-30 20:59:55,180 - root - INFO - There are 328 string with Length 9.
2023-10-30 20:59:55,180 - root - INFO - There are 255 string with Length 10.
2023-10-30 20:59:55,180 - root - INFO - There are 260 string with Length 11.
2023-10-30 20:59:55,180 - root - INFO - There are 254 string with Length 12.
2023-10-30 20:59:55,180 - root - INFO - There are 223 string with Length 13.
2023-10-30 20:59:55,181 - root - INFO - There are 185 string with Length 14.
2023-10-30 20:59:55,181 - root - INFO - There are 144 string with Length 15.
2023-10-30 20:59:55,181 - root - INFO - There are 190 string with Length 16.
2023-10-30 20:59:55,182 - root - INFO - There are 107 string with Length 17.
2023-10-30 20:59:55,182 - root - INFO - There are 105 string with Length 18.
2023-10-30 20:59:55,182 - root - INFO - There are 104 string with Length 19.
2023-10-30 20:59:55,183 - root - INFO - There are 82 string with Length 20.
2023-10-30 20:59:55,183 - root - INFO - There are 82 string with Length 21.
2023-10-30 20:59:55,183 - root - INFO - There are 52 string with Length 22.
2023-10-30 20:59:55,184 - root - INFO - There are 62 string with Length 23.
2023-10-30 20:59:55,184 - root - INFO - There are 64 string with Length 24.
2023-10-30 20:59:55,184 - root - INFO - There are 49 string with Length 25.
2023-10-30 20:59:55,185 - root - INFO - There are 43 string with Length 26.
2023-10-30 20:59:55,185 - root - INFO - There are 33 string with Length 27.
2023-10-30 20:59:55,185 - root - INFO - There are 37 string with Length 28.
2023-10-30 20:59:55,185 - root - INFO - There are 35 string with Length 29.
2023-10-30 20:59:55,185 - root - INFO - There are 35 string with Length 30.
2023-10-30 20:59:55,186 - root - INFO - There are 39 string with Length 31.
2023-10-30 20:59:55,186 - root - INFO - There are 41 string with Length 32.
2023-10-30 20:59:55,186 - root - INFO - There are 28 string with Length 33.
2023-10-30 20:59:55,186 - root - INFO - There are 40 string with Length 34.
2023-10-30 20:59:55,186 - root - INFO - There are 36 string with Length 35.
2023-10-30 20:59:55,186 - root - INFO - There are 24 string with Length 36.
2023-10-30 20:59:55,187 - root - INFO - There are 27 string with Length 37.
2023-10-30 20:59:55,187 - root - INFO - There are 31 string with Length 38.
2023-10-30 20:59:55,187 - root - INFO - There are 16 string with Length 39.
2023-10-30 20:59:55,187 - root - INFO - There are 35 string with Length 40.
2023-10-30 20:59:55,187 - root - INFO - There are 17 string with Length 41.
2023-10-30 20:59:55,187 - root - INFO - There are 23 string with Length 42.
2023-10-30 20:59:55,188 - root - INFO - There are 21 string with Length 43.
2023-10-30 20:59:55,188 - root - INFO - There are 17 string with Length 44.
2023-10-30 20:59:55,188 - root - INFO - There are 15 string with Length 45.
2023-10-30 20:59:55,188 - root - INFO - There are 19 string with Length 46.
2023-10-30 20:59:55,188 - root - INFO - There are 12 string with Length 47.
2023-10-30 20:59:55,188 - root - INFO - There are 10 string with Length 48.
2023-10-30 20:59:55,188 - root - INFO - There are 17 string with Length 49.
2023-10-30 20:59:55,189 - root - INFO - There are 13 string with Length 50.
2023-10-30 20:59:55,189 - root - INFO - There are 6 string with Length 51.
2023-10-30 20:59:55,189 - root - INFO - There are 6 string with Length 52.
2023-10-30 20:59:55,189 - root - INFO - There are 3 string with Length 53.
2023-10-30 20:59:55,189 - root - INFO - There are 4 string with Length 54.
2023-10-30 20:59:55,189 - root - INFO - There are 6 string with Length 55.
2023-10-30 20:59:55,190 - root - INFO - There are 1 string with Length 56.
2023-10-30 20:59:55,190 - root - INFO - There are 3 string with Length 57.
2023-10-30 20:59:55,190 - root - INFO - There are 2 string with Length 59.
2023-10-30 20:59:55,190 - root - INFO - There are 3 string with Length 60.
2023-10-30 20:59:55,190 - root - INFO - There are 3 string with Length 61.
2023-10-30 20:59:55,190 - root - INFO - There are 6 string with Length 62.
2023-10-30 20:59:55,190 - root - INFO - There are 5 string with Length 63.
2023-10-30 20:59:55,191 - root - INFO - There are 6 string with Length 64.
2023-10-30 20:59:55,191 - root - INFO - There are 2 string with Length 65.
2023-10-30 20:59:55,191 - root - INFO - There are 2 string with Length 66.
2023-10-30 20:59:55,191 - root - INFO - There are 2 string with Length 67.
2023-10-30 20:59:55,191 - root - INFO - There are 3 string with Length 68.
2023-10-30 20:59:55,191 - root - INFO - There are 5 string with Length 69.
2023-10-30 20:59:55,192 - root - INFO - There are 4 string with Length 70.
2023-10-30 20:59:55,192 - root - INFO - There are 1 string with Length 71.
2023-10-30 20:59:55,192 - root - INFO - There are 1 string with Length 72.
2023-10-30 20:59:55,192 - root - INFO - There are 1 string with Length 73.
2023-10-30 20:59:55,192 - root - INFO - There are 2 string with Length 74.
2023-10-30 20:59:55,192 - root - INFO - There are 1 string with Length 75.
2023-10-30 20:59:55,193 - root - INFO - There are 2 string with Length 76.
2023-10-30 20:59:55,193 - root - INFO - There are 3 string with Length 77.
2023-10-30 20:59:55,193 - root - INFO - There are 2 string with Length 78.
2023-10-30 20:59:55,193 - root - INFO - There are 6 string with Length 80.
2023-10-30 20:59:55,193 - root - INFO - There are 1 string with Length 81.
2023-10-30 20:59:55,193 - root - INFO - There are 2 string with Length 83.
2023-10-30 20:59:55,194 - root - INFO - There are 3 string with Length 84.
2023-10-30 20:59:55,194 - root - INFO - There are 1 string with Length 88.
2023-10-30 20:59:55,194 - root - INFO - There are 1 string with Length 90.
2023-10-30 20:59:55,194 - root - INFO - There are 1 string with Length 93.
2023-10-30 20:59:55,194 - root - INFO - There are 1 string with Length 96.
2023-10-30 20:59:55,194 - root - INFO - There are 1 string with Length 97.
2023-10-30 20:59:55,194 - root - INFO - There are 1 string with Length 100.
2023-10-30 20:59:55,195 - root - INFO - There are 1 string with Length 101.
2023-10-30 20:59:55,195 - root - INFO - There are 1 string with Length 103.
2023-10-30 20:59:55,195 - root - INFO - There are 1 string with Length 105.
2023-10-30 20:59:55,196 - root - INFO - There are 1 string with Length 106.
2023-10-30 20:59:55,196 - root - INFO - There are 2 string with Length 107.
2023-10-30 20:59:55,196 - root - INFO - There are 2 string with Length 113.
2023-10-30 20:59:55,197 - root - INFO - There are 1 string with Length 115.
2023-10-30 20:59:55,197 - root - INFO - There are 2 string with Length 118.
2023-10-30 20:59:55,197 - root - INFO - There are 1 string with Length 122.
2023-10-30 20:59:55,197 - root - INFO - There are 1 string with Length 124.
2023-10-30 20:59:55,197 - root - INFO - There are 1 string with Length 132.
2023-10-30 20:59:55,198 - root - INFO - There are 1 string with Length 136.
2023-10-30 20:59:55,198 - root - INFO - There are 1 string with Length 139.
2023-10-30 20:59:55,198 - root - INFO - There are 1 string with Length 141.
2023-10-30 20:59:55,198 - root - INFO - There are 1 string with Length 146.
2023-10-30 20:59:55,198 - root - INFO - There are 1 string with Length 149.
2023-10-30 20:59:55,198 - root - INFO - There are 1 string with Length 151.
2023-10-30 20:59:55,199 - root - INFO - There are 1 string with Length 156.
2023-10-30 20:59:55,199 - root - INFO - There are 1 string with Length 158.
2023-10-30 20:59:55,199 - root - INFO - There are 1 string with Length 162.
2023-10-30 20:59:55,199 - root - INFO - There are 1 string with Length 165.
2023-10-30 20:59:55,199 - root - INFO - There are 1 string with Length 167.
2023-10-30 20:59:55,199 - root - INFO - There are 1 string with Length 214.
